<?xml version="1.0" encoding="UTF-8"?>
<!-- Generated by org.testng.reporters.JUnitReportReporter -->
<testsuite hostname="NAVIN" failures="0" tests="3" name="TestNg.parameritization.DataProviderWithExcel" time="31.848" errors="0" timestamp="2024-03-01T17:56:45 IST" skipped="0">
  <testcase classname="TestNg.parameritization.DataProviderWithExcel" name="verifyGoogleSearch2" time="8.444"/>
  <testcase classname="TestNg.parameritization.DataProviderWithExcel" name="verifyGoogleSearch2" time="14.345"/>
  <testcase classname="TestNg.parameritization.DataProviderWithExcel" name="verifyGoogleSearch2" time="9.059"/>
</testsuite> <!-- TestNg.parameritization.DataProviderWithExcel -->
